[debug] [2022-12-21T17:11:56.553Z] ----------------------------------------------------------------------
[debug] [2022-12-21T17:11:56.556Z] Command:       C:\Program Files\nodejs\node.exe C:\Users\ivan_\AppData\Roaming\npm\node_modules\firebase-tools\lib\bin\firebase.js init
[debug] [2022-12-21T17:11:56.556Z] CLI Version:   11.19.0
[debug] [2022-12-21T17:11:56.556Z] Platform:      win32
[debug] [2022-12-21T17:11:56.556Z] Node Version:  v19.2.0
[debug] [2022-12-21T17:11:56.556Z] Time:          Wed Dec 21 2022 14:11:56 GMT-0300 (hora estándar de Argentina)
[debug] [2022-12-21T17:11:56.557Z] ----------------------------------------------------------------------
[debug] 
[debug] [2022-12-21T17:11:56.559Z] >>> [apiv2][query] GET https://firebase-public.firebaseio.com/cli.json [none]
[debug] [2022-12-21T17:11:56.609Z] > command requires scopes: ["email","openid","https://www.googleapis.com/auth/cloudplatformprojects.readonly","https://www.googleapis.com/auth/firebase","https://www.googleapis.com/auth/cloud-platform"]
[debug] [2022-12-21T17:11:56.609Z] > authorizing via signed-in user (ivan_2003sr@hotmail.com)
[info] 
     ######## #### ########  ######## ########     ###     ######  ########
     ##        ##  ##     ## ##       ##     ##  ##   ##  ##       ##
     ######    ##  ########  ######   ########  #########  ######  ######
     ##        ##  ##    ##  ##       ##     ## ##     ##       ## ##
     ##       #### ##     ## ######## ########  ##     ##  ######  ########

You're about to initialize a Firebase project in this directory:

  C:\Users\ivan_\Documents\Angular\app-empleados

[debug] [2022-12-21T17:11:57.071Z] <<< [apiv2][status] GET https://firebase-public.firebaseio.com/cli.json 200
[debug] [2022-12-21T17:11:57.071Z] <<< [apiv2][body] GET https://firebase-public.firebaseio.com/cli.json {"cloudBuildErrorAfter":1594252800000,"cloudBuildWarnAfter":1590019200000,"defaultNode10After":1594252800000,"minVersion":"3.0.5","node8DeploysDisabledAfter":1613390400000,"node8RuntimeDisabledAfter":1615809600000,"node8WarnAfter":1600128000000}
